{"name":"test03","id":"com.bestbuyapi.productsinfo.ProductsCURDTestWithSteps:test03","testCaseName":"com.bestbuyapi.productsinfo.ProductsCURDTestWithSteps","testSteps":[{"number":1,"description":"Updating Product information with ProductsId: 0, name : BetaBattery, type: Long Lasting, price: 10, shipping: 3, upc: 039800011513,description: Compatible with select electronic devices; D size; DURALOCK Power Preserve technology; 4-pack, manufacturer: KODAK,model: Selenium70302YZ,url: http://www.bestbuy.com/site/duracell-d-batteries-4-pack/185267.p?id\u003d1051384046551\u0026skuId\u003d185267\u0026cmp\u003dRMXCC,image: http://img.bbystatic.com/BestBuy_US/images/products/1852/185267_sa.jpg","duration":2251,"startTime":"2022-06-07T09:51:35.357+01:00[Europe/London]","result":"SUCCESS","precondition":false,"children":[{"number":2,"description":"PUT http://localhost:3030/products/0\r\r","duration":13,"startTime":"2022-06-07T09:51:37.595+01:00[Europe/London]","result":"SUCCESS","restQuery":{"method":"PUT","path":"http://localhost:3030/products/0\r\r","content":"{\n    \"name\": \"BetaBattery\",\n    \"type\": \"Long Lasting\",\n    \"price\": 10,\n    \"shipping\": 3,\n    \"upc\": \"039800011513\",\n    \"description\": \"Compatible with select electronic devices; D size; DURALOCK Power Preserve technology; 4-pack\",\n    \"manufacturer\": \"KODAK\",\n    \"model\": \"Selenium70302YZ\",\n    \"url\": \"http://www.bestbuy.com/site/duracell-d-batteries-4-pack/185267.p?id\u003d1051384046551\u0026skuId\u003d185267\u0026cmp\u003dRMXCC\",\n    \"image\": \"http://img.bbystatic.com/BestBuy_US/images/products/1852/185267_sa.jpg\"\n}\r","contentType":"application/json","requestHeaders":"Accept\u003d*/*\r\n\t\t\t\tContent-Type\u003dapplication/json; charset\u003dUTF-8\r\r","requestCookies":"\r\r","responseHeaders":"X-Powered-By: Express\nAccess-Control-Allow-Origin: *\nAllow: GET,POST,PUT,PATCH,DELETE\nContent-Type: application/json; charset\u003dutf-8\nContent-Length: 105\nETag: W/\"69-I0u8sy7zuJnokbXHOiDmc8NAyAg\"\nVary: Accept-Encoding\nDate: Tue, 07 Jun 2022 08:51:37 GMT\nConnection: keep-alive\r","responseCookies":"\r","responseBody":"{\n    \"name\": \"NotFound\",\n    \"message\": \"No record found for id \u00270\u0027\",\n    \"code\": 404,\n    \"className\": \"not-found\",\n    \"errors\": {\n        \n    }\n}","statusCode":404},"precondition":false}]}],"userStory":{"id":"com.bestbuyapi.productsinfo.ProductsCURDTestWithSteps","storyName":"Products CURD test with steps","storyClassName":"com.bestbuyapi.productsinfo.ProductsCURDTestWithSteps","path":"com.bestbuyapi.productsinfo","type":"story"},"featureTag":{"name":"Productsinfo/Products CURD test with steps","type":"story"},"title":"Update the product information and verify the updated information","tags":[{"name":"Productsinfo/Products CURD test with steps","type":"story"}],"startTime":"2022-06-07T09:51:35.279+01:00[Europe/London]","duration":2376,"testFailureCause":{"errorType":"java.lang.AssertionError","message":"1 expectation failed.\nExpected status code \u003c200\u003e but was \u003c404\u003e.\n","stackTrace":[{"declaringClass":"io.restassured.internal.ResponseSpecificationImpl","methodName":"validateResponseIfRequired","fileName":"ResponseSpecificationImpl.groovy","lineNumber":636},{"declaringClass":"io.restassured.internal.ResponseSpecificationImpl","methodName":"statusCode","fileName":"ResponseSpecificationImpl.groovy","lineNumber":122},{"declaringClass":"io.restassured.internal.ResponseSpecificationImpl","methodName":"statusCode","fileName":"ResponseSpecificationImpl.groovy","lineNumber":130},{"declaringClass":"io.restassured.internal.ValidatableResponseOptionsImpl","methodName":"statusCode","fileName":"ValidatableResponseOptionsImpl.java","lineNumber":117},{"declaringClass":"com.bestbuyapi.productsinfo.ProductsCURDTestWithSteps","methodName":"test03","fileName":"ProductsCURDTestWithSteps.java","lineNumber":60}]},"testFailureClassname":"java.lang.AssertionError","testFailureMessage":"1 expectation failed.\nExpected status code \u003c200\u003e but was \u003c404\u003e.\n","testFailureSummary":"FAILURE;java.lang.AssertionError;1 expectation failed.\nExpected status code \u003c200\u003e but was \u003c404\u003e.\n;ResponseSpecificationImpl.groovy","projectKey":"","annotatedResult":"FAILURE","manual":false,"testSource":"JUnit","result":"FAILURE"}